1634232744741	geckodriver	INFO	Listening on 127.0.0.1:49846
1634232745760	mozrunner::runner	INFO	Running command: "/Applications/Firefox.app/Contents/MacOS/firefox-bin" "--marionette" "-foreground" "-no-remote" "-profile" "/var/folders/x0/q0lcm6pj3wqg540ssb445dhh0000gp/T/rust_mozprofileTnPQHI"
1634232746304	Marionette	INFO	Marionette enabled
2021-10-14 18:32:26.947 firefox-bin[3466:41324] Warning: Expected min height of view: (<NSButton: 0x12b150800>) to be less than or equal to 30 but got a height of 32.000000. This error will be logged once per view in violation.
2021-10-14 18:32:26.947 firefox-bin[3466:41324] Warning: Expected min height of view: (<NSButton: 0x137019000>) to be less than or equal to 30 but got a height of 32.000000. This error will be logged once per view in violation.
2021-10-14 18:32:26.948 firefox-bin[3466:41324] Warning: Expected min height of view: (<NSButton: 0x137018c00>) to be less than or equal to 30 but got a height of 32.000000. This error will be logged once per view in violation.
2021-10-14 18:32:26.948 firefox-bin[3466:41324] Warning: Expected min height of view: (<NSButton: 0x13701e400>) to be less than or equal to 30 but got a height of 32.000000. This error will be logged once per view in violation.
2021-10-14 18:32:26.949 firefox-bin[3466:41324] Warning: Expected min height of view: (<NSButton: 0x13701d400>) to be less than or equal to 30 but got a height of 32.000000. This error will be logged once per view in violation.
2021-10-14 18:32:26.949 firefox-bin[3466:41324] Warning: Expected min height of view: (<NSPopoverTouchBarItemButton: 0x13701ec00>) to be less than or equal to 30 but got a height of 32.000000. This error will be logged once per view in violation.
2021-10-14 18:32:26.950 firefox-bin[3466:41324] Warning: Expected min height of view: (<NSPopoverTouchBarItemButton: 0x137330800>) to be less than or equal to 30 but got a height of 32.000000. This error will be logged once per view in violation.
console.warn: SearchSettings: "get: No settings file exists, new profile?" (new NotFoundError("Could not open the file at /var/folders/x0/q0lcm6pj3wqg540ssb445dhh0000gp/T/rust_mozprofileTnPQHI/search.json.mozlz4", (void 0)))
console.error: BackgroundUpdate: 
  _reasonsToNotScheduleUpdates: Failed to check for Maintenance Service Registry Key: [Exception... "Component returned failure code: 0x80004001 (NS_ERROR_NOT_IMPLEMENTED) [nsIUpdateProcessor.getServiceRegKeyExists]"  nsresult: "0x80004001 (NS_ERROR_NOT_IMPLEMENTED)"  location: "JS frame :: resource://gre/modules/BackgroundUpdate.jsm :: _reasonsToNotScheduleUpdates :: line 243"  data: no]
1634232747893	Marionette	INFO	Listening on port 49857
1634232747929	RemoteAgent	WARN	TLS certificate errors will be ignored for this session
console.log: WebExtensions: reset-default-search: starting.
console.log: WebExtensions: reset-default-search: No addons in our list are installed.
1634235098232	Marionette	INFO	Stopped listening on port 49857
JavaScript error: resource:///modules/Interactions.jsm, line 230: NS_ERROR_FAILURE: Component returned failure code: 0x80004005 (NS_ERROR_FAILURE) [nsIUserIdleService.removeIdleObserver]

###!!! [Parent][RunMessage] Error: Channel closing: too late to send/recv, messages will be lost

