1634312667444	geckodriver	INFO	Listening on 127.0.0.1:56129
1634312668464	mozrunner::runner	INFO	Running command: "/Applications/Firefox.app/Contents/MacOS/firefox-bin" "--marionette" "-foreground" "-no-remote" "-profile" "/var/folders/x0/q0lcm6pj3wqg540ssb445dhh0000gp/T/rust_mozprofile7vTObK"
1634312668857	Marionette	INFO	Marionette enabled
2021-10-15 16:44:29.446 firefox-bin[36875:460670] Warning: Expected min height of view: (<NSButton: 0x12923a000>) to be less than or equal to 30 but got a height of 32.000000. This error will be logged once per view in violation.
2021-10-15 16:44:29.447 firefox-bin[36875:460670] Warning: Expected min height of view: (<NSButton: 0x134ab3800>) to be less than or equal to 30 but got a height of 32.000000. This error will be logged once per view in violation.
2021-10-15 16:44:29.447 firefox-bin[36875:460670] Warning: Expected min height of view: (<NSButton: 0x134ab1c00>) to be less than or equal to 30 but got a height of 32.000000. This error will be logged once per view in violation.
2021-10-15 16:44:29.448 firefox-bin[36875:460670] Warning: Expected min height of view: (<NSButton: 0x134ab3400>) to be less than or equal to 30 but got a height of 32.000000. This error will be logged once per view in violation.
2021-10-15 16:44:29.448 firefox-bin[36875:460670] Warning: Expected min height of view: (<NSButton: 0x134ab2400>) to be less than or equal to 30 but got a height of 32.000000. This error will be logged once per view in violation.
2021-10-15 16:44:29.449 firefox-bin[36875:460670] Warning: Expected min height of view: (<NSPopoverTouchBarItemButton: 0x134ab0800>) to be less than or equal to 30 but got a height of 32.000000. This error will be logged once per view in violation.
2021-10-15 16:44:29.449 firefox-bin[36875:460670] Warning: Expected min height of view: (<NSPopoverTouchBarItemButton: 0x134d06800>) to be less than or equal to 30 but got a height of 32.000000. This error will be logged once per view in violation.
console.warn: SearchSettings: "get: No settings file exists, new profile?" (new NotFoundError("Could not open the file at /var/folders/x0/q0lcm6pj3wqg540ssb445dhh0000gp/T/rust_mozprofile7vTObK/search.json.mozlz4", (void 0)))
console.error: BackgroundUpdate: 
  _reasonsToNotScheduleUpdates: Failed to check for Maintenance Service Registry Key: [Exception... "Component returned failure code: 0x80004001 (NS_ERROR_NOT_IMPLEMENTED) [nsIUpdateProcessor.getServiceRegKeyExists]"  nsresult: "0x80004001 (NS_ERROR_NOT_IMPLEMENTED)"  location: "JS frame :: resource://gre/modules/BackgroundUpdate.jsm :: _reasonsToNotScheduleUpdates :: line 243"  data: no]
1634312670383	Marionette	INFO	Listening on port 56141
1634312670412	RemoteAgent	WARN	TLS certificate errors will be ignored for this session
console.log: WebExtensions: reset-default-search: starting.
console.log: WebExtensions: reset-default-search: No addons in our list are installed.
1634313741727	Marionette	INFO	Stopped listening on port 56141
JavaScript error: resource:///modules/Interactions.jsm, line 230: NS_ERROR_FAILURE: Component returned failure code: 0x80004005 (NS_ERROR_FAILURE) [nsIUserIdleService.removeIdleObserver]

###!!! [Parent][RunMessage] Error: Channel closing: too late to send/recv, messages will be lost

