1634297867423	geckodriver	INFO	Listening on 127.0.0.1:53114
1634297867437	mozrunner::runner	INFO	Running command: "/Applications/Firefox.app/Contents/MacOS/firefox-bin" "--marionette" "-foreground" "-no-remote" "-profile" "/var/folders/x0/q0lcm6pj3wqg540ssb445dhh0000gp/T/rust_mozprofile9Ze6KV"
1634297867815	Marionette	INFO	Marionette enabled
2021-10-15 12:37:48.411 firefox-bin[21506:277202] Warning: Expected min height of view: (<NSButton: 0x120099000>) to be less than or equal to 30 but got a height of 32.000000. This error will be logged once per view in violation.
2021-10-15 12:37:48.412 firefox-bin[21506:277202] Warning: Expected min height of view: (<NSButton: 0x12b924400>) to be less than or equal to 30 but got a height of 32.000000. This error will be logged once per view in violation.
2021-10-15 12:37:48.413 firefox-bin[21506:277202] Warning: Expected min height of view: (<NSButton: 0x12b925400>) to be less than or equal to 30 but got a height of 32.000000. This error will be logged once per view in violation.
2021-10-15 12:37:48.413 firefox-bin[21506:277202] Warning: Expected min height of view: (<NSButton: 0x12b923c00>) to be less than or equal to 30 but got a height of 32.000000. This error will be logged once per view in violation.
2021-10-15 12:37:48.414 firefox-bin[21506:277202] Warning: Expected min height of view: (<NSButton: 0x12b921000>) to be less than or equal to 30 but got a height of 32.000000. This error will be logged once per view in violation.
2021-10-15 12:37:48.414 firefox-bin[21506:277202] Warning: Expected min height of view: (<NSPopoverTouchBarItemButton: 0x12b924800>) to be less than or equal to 30 but got a height of 32.000000. This error will be logged once per view in violation.
2021-10-15 12:37:48.415 firefox-bin[21506:277202] Warning: Expected min height of view: (<NSPopoverTouchBarItemButton: 0x12bbee400>) to be less than or equal to 30 but got a height of 32.000000. This error will be logged once per view in violation.
console.warn: SearchSettings: "get: No settings file exists, new profile?" (new NotFoundError("Could not open the file at /var/folders/x0/q0lcm6pj3wqg540ssb445dhh0000gp/T/rust_mozprofile9Ze6KV/search.json.mozlz4", (void 0)))
console.error: BackgroundUpdate: 
  _reasonsToNotScheduleUpdates: Failed to check for Maintenance Service Registry Key: [Exception... "Component returned failure code: 0x80004001 (NS_ERROR_NOT_IMPLEMENTED) [nsIUpdateProcessor.getServiceRegKeyExists]"  nsresult: "0x80004001 (NS_ERROR_NOT_IMPLEMENTED)"  location: "JS frame :: resource://gre/modules/BackgroundUpdate.jsm :: _reasonsToNotScheduleUpdates :: line 243"  data: no]
1634297869330	Marionette	INFO	Listening on port 53119
1634297869390	RemoteAgent	WARN	TLS certificate errors will be ignored for this session
console.error: (new TypeError("parent is null", "resource://devtools/client/inspector/shared/style-change-tracker.js", 67))
TypeError: parent is null: canMutationImpactCurrentStyles@resource://devtools/client/inspector/shared/style-change-tracker.js:67:24
onMutations@resource://devtools/client/inspector/shared/style-change-tracker.js:84:41
_emit@resource://devtools/shared/event-emitter.js:244:34
emit@resource://devtools/shared/event-emitter.js:190:18
emit@resource://devtools/shared/event-emitter.js:342:18
getMutations@resource://devtools/client/fronts/walker.js:311:10

console.error: (new TypeError("container.node.targetFront is null", "resource://devtools/client/inspector/markup/markup.js", 2309))
1634298190981	Marionette	INFO	Stopped listening on port 53119
JavaScript error: resource:///modules/Interactions.jsm, line 230: NS_ERROR_FAILURE: Component returned failure code: 0x80004005 (NS_ERROR_FAILURE) [nsIUserIdleService.removeIdleObserver]

###!!! [Parent][RunMessage] Error: Channel closing: too late to send/recv, messages will be lost

