1634317179474	geckodriver	INFO	Listening on 127.0.0.1:57561
1634317180489	mozrunner::runner	INFO	Running command: "/Applications/Firefox.app/Contents/MacOS/firefox-bin" "--marionette" "-foreground" "-no-remote" "-profile" "/var/folders/x0/q0lcm6pj3wqg540ssb445dhh0000gp/T/rust_mozprofileJnKbXJ"
1634317180832	Marionette	INFO	Marionette enabled
2021-10-15 17:59:41.403 firefox-bin[41454:525872] Warning: Expected min height of view: (<NSButton: 0x122c17c00>) to be less than or equal to 30 but got a height of 32.000000. This error will be logged once per view in violation.
2021-10-15 17:59:41.403 firefox-bin[41454:525872] Warning: Expected min height of view: (<NSButton: 0x12e534400>) to be less than or equal to 30 but got a height of 32.000000. This error will be logged once per view in violation.
2021-10-15 17:59:41.404 firefox-bin[41454:525872] Warning: Expected min height of view: (<NSButton: 0x12e535800>) to be less than or equal to 30 but got a height of 32.000000. This error will be logged once per view in violation.
2021-10-15 17:59:41.405 firefox-bin[41454:525872] Warning: Expected min height of view: (<NSButton: 0x12e534800>) to be less than or equal to 30 but got a height of 32.000000. This error will be logged once per view in violation.
2021-10-15 17:59:41.405 firefox-bin[41454:525872] Warning: Expected min height of view: (<NSButton: 0x12e52e400>) to be less than or equal to 30 but got a height of 32.000000. This error will be logged once per view in violation.
2021-10-15 17:59:41.406 firefox-bin[41454:525872] Warning: Expected min height of view: (<NSPopoverTouchBarItemButton: 0x12e52f800>) to be less than or equal to 30 but got a height of 32.000000. This error will be logged once per view in violation.
2021-10-15 17:59:41.406 firefox-bin[41454:525872] Warning: Expected min height of view: (<NSPopoverTouchBarItemButton: 0x12e7eac00>) to be less than or equal to 30 but got a height of 32.000000. This error will be logged once per view in violation.
console.warn: SearchSettings: "get: No settings file exists, new profile?" (new NotFoundError("Could not open the file at /var/folders/x0/q0lcm6pj3wqg540ssb445dhh0000gp/T/rust_mozprofileJnKbXJ/search.json.mozlz4", (void 0)))
console.error: BackgroundUpdate: 
  _reasonsToNotScheduleUpdates: Failed to check for Maintenance Service Registry Key: [Exception... "Component returned failure code: 0x80004001 (NS_ERROR_NOT_IMPLEMENTED) [nsIUpdateProcessor.getServiceRegKeyExists]"  nsresult: "0x80004001 (NS_ERROR_NOT_IMPLEMENTED)"  location: "JS frame :: resource://gre/modules/BackgroundUpdate.jsm :: _reasonsToNotScheduleUpdates :: line 243"  data: no]
1634317182325	Marionette	INFO	Listening on port 57568
1634317182353	RemoteAgent	WARN	TLS certificate errors will be ignored for this session
console.log: WebExtensions: reset-default-search: starting.
console.log: WebExtensions: reset-default-search: No addons in our list are installed.
1634334435663	Marionette	INFO	Stopped listening on port 57568
JavaScript error: resource:///modules/Interactions.jsm, line 230: NS_ERROR_FAILURE: Component returned failure code: 0x80004005 (NS_ERROR_FAILURE) [nsIUserIdleService.removeIdleObserver]

###!!! [Parent][RunMessage] Error: Channel closing: too late to send/recv, messages will be lost

