1633973755822	geckodriver	INFO	Listening on 127.0.0.1:54488
1633973755834	mozrunner::runner	INFO	Running command: "/Applications/Firefox.app/Contents/MacOS/firefox-bin" "--marionette" "-foreground" "-no-remote" "-profile" "/var/folders/x0/q0lcm6pj3wqg540ssb445dhh0000gp/T/rust_mozprofilehRPdi3"
1633973756183	Marionette	INFO	Marionette enabled
2021-10-11 18:35:56.752 firefox-bin[33361:454796] Warning: Expected min height of view: (<NSButton: 0x12d91d800>) to be less than or equal to 30 but got a height of 32.000000. This error will be logged once per view in violation.
2021-10-11 18:35:56.752 firefox-bin[33361:454796] Warning: Expected min height of view: (<NSButton: 0x13911e000>) to be less than or equal to 30 but got a height of 32.000000. This error will be logged once per view in violation.
2021-10-11 18:35:56.753 firefox-bin[33361:454796] Warning: Expected min height of view: (<NSButton: 0x139121c00>) to be less than or equal to 30 but got a height of 32.000000. This error will be logged once per view in violation.
2021-10-11 18:35:56.753 firefox-bin[33361:454796] Warning: Expected min height of view: (<NSButton: 0x13911dc00>) to be less than or equal to 30 but got a height of 32.000000. This error will be logged once per view in violation.
2021-10-11 18:35:56.754 firefox-bin[33361:454796] Warning: Expected min height of view: (<NSButton: 0x13911ec00>) to be less than or equal to 30 but got a height of 32.000000. This error will be logged once per view in violation.
2021-10-11 18:35:56.755 firefox-bin[33361:454796] Warning: Expected min height of view: (<NSPopoverTouchBarItemButton: 0x13911f400>) to be less than or equal to 30 but got a height of 32.000000. This error will be logged once per view in violation.
2021-10-11 18:35:56.755 firefox-bin[33361:454796] Warning: Expected min height of view: (<NSPopoverTouchBarItemButton: 0x139404000>) to be less than or equal to 30 but got a height of 32.000000. This error will be logged once per view in violation.
console.warn: SearchSettings: "get: No settings file exists, new profile?" (new NotFoundError("Could not open the file at /var/folders/x0/q0lcm6pj3wqg540ssb445dhh0000gp/T/rust_mozprofilehRPdi3/search.json.mozlz4", (void 0)))
console.error: BackgroundUpdate: 
  _reasonsToNotScheduleUpdates: Failed to check for Maintenance Service Registry Key: [Exception... "Component returned failure code: 0x80004001 (NS_ERROR_NOT_IMPLEMENTED) [nsIUpdateProcessor.getServiceRegKeyExists]"  nsresult: "0x80004001 (NS_ERROR_NOT_IMPLEMENTED)"  location: "JS frame :: resource://gre/modules/BackgroundUpdate.jsm :: _reasonsToNotScheduleUpdates :: line 243"  data: no]
1633973757593	Marionette	INFO	Listening on port 54493
1633973757689	RemoteAgent	WARN	TLS certificate errors will be ignored for this session
console.log: WebExtensions: reset-default-search: starting.
console.log: WebExtensions: reset-default-search: No addons in our list are installed.
1633974289596	Marionette	INFO	Stopped listening on port 54493
JavaScript error: resource:///modules/Interactions.jsm, line 230: NS_ERROR_FAILURE: Component returned failure code: 0x80004005 (NS_ERROR_FAILURE) [nsIUserIdleService.removeIdleObserver]

###!!! [Parent][RunMessage] Error: Channel closing: too late to send/recv, messages will be lost

