1634296597195	geckodriver	INFO	Listening on 127.0.0.1:52670
1634296597208	mozrunner::runner	INFO	Running command: "/Applications/Firefox.app/Contents/MacOS/firefox-bin" "--marionette" "-foreground" "-no-remote" "-profile" "/var/folders/x0/q0lcm6pj3wqg540ssb445dhh0000gp/T/rust_mozprofile0qdGOa"
1634296597617	Marionette	INFO	Marionette enabled
2021-10-15 12:16:38.223 firefox-bin[20235:258855] Warning: Expected min height of view: (<NSButton: 0x128721400>) to be less than or equal to 30 but got a height of 32.000000. This error will be logged once per view in violation.
2021-10-15 12:16:38.223 firefox-bin[20235:258855] Warning: Expected min height of view: (<NSButton: 0x133f33800>) to be less than or equal to 30 but got a height of 32.000000. This error will be logged once per view in violation.
2021-10-15 12:16:38.224 firefox-bin[20235:258855] Warning: Expected min height of view: (<NSButton: 0x133f36400>) to be less than or equal to 30 but got a height of 32.000000. This error will be logged once per view in violation.
2021-10-15 12:16:38.225 firefox-bin[20235:258855] Warning: Expected min height of view: (<NSButton: 0x133f34000>) to be less than or equal to 30 but got a height of 32.000000. This error will be logged once per view in violation.
2021-10-15 12:16:38.225 firefox-bin[20235:258855] Warning: Expected min height of view: (<NSButton: 0x133f37c00>) to be less than or equal to 30 but got a height of 32.000000. This error will be logged once per view in violation.
2021-10-15 12:16:38.226 firefox-bin[20235:258855] Warning: Expected min height of view: (<NSPopoverTouchBarItemButton: 0x133f38c00>) to be less than or equal to 30 but got a height of 32.000000. This error will be logged once per view in violation.
2021-10-15 12:16:38.226 firefox-bin[20235:258855] Warning: Expected min height of view: (<NSPopoverTouchBarItemButton: 0x1341edc00>) to be less than or equal to 30 but got a height of 32.000000. This error will be logged once per view in violation.
console.warn: SearchSettings: "get: No settings file exists, new profile?" (new NotFoundError("Could not open the file at /var/folders/x0/q0lcm6pj3wqg540ssb445dhh0000gp/T/rust_mozprofile0qdGOa/search.json.mozlz4", (void 0)))
console.error: BackgroundUpdate: 
  _reasonsToNotScheduleUpdates: Failed to check for Maintenance Service Registry Key: [Exception... "Component returned failure code: 0x80004001 (NS_ERROR_NOT_IMPLEMENTED) [nsIUpdateProcessor.getServiceRegKeyExists]"  nsresult: "0x80004001 (NS_ERROR_NOT_IMPLEMENTED)"  location: "JS frame :: resource://gre/modules/BackgroundUpdate.jsm :: _reasonsToNotScheduleUpdates :: line 243"  data: no]
1634296599163	Marionette	INFO	Listening on port 52675
1634296599266	RemoteAgent	WARN	TLS certificate errors will be ignored for this session
console.log: WebExtensions: reset-default-search: starting.
console.log: WebExtensions: reset-default-search: No addons in our list are installed.
1634297563389	Marionette	INFO	Stopped listening on port 52675
JavaScript error: resource:///modules/Interactions.jsm, line 230: NS_ERROR_FAILURE: Component returned failure code: 0x80004005 (NS_ERROR_FAILURE) [nsIUserIdleService.removeIdleObserver]

###!!! [Parent][RunMessage] Error: Channel closing: too late to send/recv, messages will be lost

