1634235653998	geckodriver	INFO	Listening on 127.0.0.1:50777
1634235654009	mozrunner::runner	INFO	Running command: "/Applications/Firefox.app/Contents/MacOS/firefox-bin" "--marionette" "-foreground" "-no-remote" "-profile" "/var/folders/x0/q0lcm6pj3wqg540ssb445dhh0000gp/T/rust_mozprofilewq6bHB"
1634235654343	Marionette	INFO	Marionette enabled
2021-10-14 19:20:54.875 firefox-bin[6310:77350] Warning: Expected min height of view: (<NSButton: 0x139183400>) to be less than or equal to 30 but got a height of 32.000000. This error will be logged once per view in violation.
2021-10-14 19:20:54.875 firefox-bin[6310:77350] Warning: Expected min height of view: (<NSButton: 0x139183c00>) to be less than or equal to 30 but got a height of 32.000000. This error will be logged once per view in violation.
2021-10-14 19:20:54.876 firefox-bin[6310:77350] Warning: Expected min height of view: (<NSButton: 0x139182800>) to be less than or equal to 30 but got a height of 32.000000. This error will be logged once per view in violation.
2021-10-14 19:20:54.877 firefox-bin[6310:77350] Warning: Expected min height of view: (<NSButton: 0x139184000>) to be less than or equal to 30 but got a height of 32.000000. This error will be logged once per view in violation.
2021-10-14 19:20:54.877 firefox-bin[6310:77350] Warning: Expected min height of view: (<NSButton: 0x139189000>) to be less than or equal to 30 but got a height of 32.000000. This error will be logged once per view in violation.
2021-10-14 19:20:54.878 firefox-bin[6310:77350] Warning: Expected min height of view: (<NSPopoverTouchBarItemButton: 0x139188400>) to be less than or equal to 30 but got a height of 32.000000. This error will be logged once per view in violation.
2021-10-14 19:20:54.878 firefox-bin[6310:77350] Warning: Expected min height of view: (<NSPopoverTouchBarItemButton: 0x139420400>) to be less than or equal to 30 but got a height of 32.000000. This error will be logged once per view in violation.
console.warn: SearchSettings: "get: No settings file exists, new profile?" (new NotFoundError("Could not open the file at /var/folders/x0/q0lcm6pj3wqg540ssb445dhh0000gp/T/rust_mozprofilewq6bHB/search.json.mozlz4", (void 0)))
console.error: BackgroundUpdate: 
  _reasonsToNotScheduleUpdates: Failed to check for Maintenance Service Registry Key: [Exception... "Component returned failure code: 0x80004001 (NS_ERROR_NOT_IMPLEMENTED) [nsIUpdateProcessor.getServiceRegKeyExists]"  nsresult: "0x80004001 (NS_ERROR_NOT_IMPLEMENTED)"  location: "JS frame :: resource://gre/modules/BackgroundUpdate.jsm :: _reasonsToNotScheduleUpdates :: line 243"  data: no]
1634235655701	Marionette	INFO	Listening on port 50782
1634235655762	RemoteAgent	WARN	TLS certificate errors will be ignored for this session
console.log: WebExtensions: reset-default-search: starting.
console.log: WebExtensions: reset-default-search: No addons in our list are installed.
1634286125398	Marionette	INFO	Stopped listening on port 50782
JavaScript error: resource:///modules/Interactions.jsm, line 230: NS_ERROR_FAILURE: Component returned failure code: 0x80004005 (NS_ERROR_FAILURE) [nsIUserIdleService.removeIdleObserver]

###!!! [Parent][RunMessage] Error: Channel closing: too late to send/recv, messages will be lost

