1634316268781	geckodriver	INFO	Listening on 127.0.0.1:57308
1634316268794	mozrunner::runner	INFO	Running command: "/Applications/Firefox.app/Contents/MacOS/firefox-bin" "--marionette" "-foreground" "-no-remote" "-profile" "/var/folders/x0/q0lcm6pj3wqg540ssb445dhh0000gp/T/rust_mozprofilee7psIw"
1634316269155	Marionette	INFO	Marionette enabled
2021-10-15 17:44:29.724 firefox-bin[40520:512873] Warning: Expected min height of view: (<NSButton: 0x1365ea800>) to be less than or equal to 30 but got a height of 32.000000. This error will be logged once per view in violation.
2021-10-15 17:44:29.724 firefox-bin[40520:512873] Warning: Expected min height of view: (<NSButton: 0x1365efc00>) to be less than or equal to 30 but got a height of 32.000000. This error will be logged once per view in violation.
2021-10-15 17:44:29.725 firefox-bin[40520:512873] Warning: Expected min height of view: (<NSButton: 0x1365f4c00>) to be less than or equal to 30 but got a height of 32.000000. This error will be logged once per view in violation.
2021-10-15 17:44:29.725 firefox-bin[40520:512873] Warning: Expected min height of view: (<NSButton: 0x1365f2800>) to be less than or equal to 30 but got a height of 32.000000. This error will be logged once per view in violation.
2021-10-15 17:44:29.726 firefox-bin[40520:512873] Warning: Expected min height of view: (<NSButton: 0x1365ef800>) to be less than or equal to 30 but got a height of 32.000000. This error will be logged once per view in violation.
2021-10-15 17:44:29.726 firefox-bin[40520:512873] Warning: Expected min height of view: (<NSPopoverTouchBarItemButton: 0x1365f2c00>) to be less than or equal to 30 but got a height of 32.000000. This error will be logged once per view in violation.
2021-10-15 17:44:29.727 firefox-bin[40520:512873] Warning: Expected min height of view: (<NSPopoverTouchBarItemButton: 0x1367ea800>) to be less than or equal to 30 but got a height of 32.000000. This error will be logged once per view in violation.
console.warn: SearchSettings: "get: No settings file exists, new profile?" (new NotFoundError("Could not open the file at /var/folders/x0/q0lcm6pj3wqg540ssb445dhh0000gp/T/rust_mozprofilee7psIw/search.json.mozlz4", (void 0)))
console.error: BackgroundUpdate: 
  _reasonsToNotScheduleUpdates: Failed to check for Maintenance Service Registry Key: [Exception... "Component returned failure code: 0x80004001 (NS_ERROR_NOT_IMPLEMENTED) [nsIUpdateProcessor.getServiceRegKeyExists]"  nsresult: "0x80004001 (NS_ERROR_NOT_IMPLEMENTED)"  location: "JS frame :: resource://gre/modules/BackgroundUpdate.jsm :: _reasonsToNotScheduleUpdates :: line 243"  data: no]
1634316270638	Marionette	INFO	Listening on port 57313
1634316270656	RemoteAgent	WARN	TLS certificate errors will be ignored for this session
console.log: WebExtensions: reset-default-search: starting.
console.log: WebExtensions: reset-default-search: No addons in our list are installed.
2021-10-15 17:59:29.172 firefox-bin[40520:512873] Warning: Expected min height of view: (<NSButton: 0x119482000>) to be less than or equal to 30 but got a height of 32.000000. This error will be logged once per view in violation.
2021-10-15 17:59:29.172 firefox-bin[40520:512873] Warning: Expected min height of view: (<NSButton: 0x136d49000>) to be less than or equal to 30 but got a height of 32.000000. This error will be logged once per view in violation.
2021-10-15 17:59:29.173 firefox-bin[40520:512873] Warning: Expected min height of view: (<NSButton: 0x136d42c00>) to be less than or equal to 30 but got a height of 32.000000. This error will be logged once per view in violation.
2021-10-15 17:59:29.173 firefox-bin[40520:512873] Warning: Expected min height of view: (<NSButton: 0x136d44c00>) to be less than or equal to 30 but got a height of 32.000000. This error will be logged once per view in violation.
2021-10-15 17:59:29.174 firefox-bin[40520:512873] Warning: Expected min height of view: (<NSButton: 0x136d4cc00>) to be less than or equal to 30 but got a height of 32.000000. This error will be logged once per view in violation.
2021-10-15 17:59:29.175 firefox-bin[40520:512873] Warning: Expected min height of view: (<NSPopoverTouchBarItemButton: 0x136d4f000>) to be less than or equal to 30 but got a height of 32.000000. This error will be logged once per view in violation.
2021-10-15 17:59:29.175 firefox-bin[40520:512873] Warning: Expected min height of view: (<NSPopoverTouchBarItemButton: 0x136dad000>) to be less than or equal to 30 but got a height of 32.000000. This error will be logged once per view in violation.
1634317174977	Marionette	INFO	Stopped listening on port 57313
JavaScript error: resource:///modules/Interactions.jsm, line 230: NS_ERROR_FAILURE: Component returned failure code: 0x80004005 (NS_ERROR_FAILURE) [nsIUserIdleService.removeIdleObserver]

###!!! [Parent][RunMessage] Error: Channel closing: too late to send/recv, messages will be lost

