1634234387555	geckodriver	INFO	Listening on 127.0.0.1:50313
1634234387567	mozrunner::runner	INFO	Running command: "/Applications/Firefox.app/Contents/MacOS/firefox-bin" "--marionette" "-foreground" "-no-remote" "-profile" "/var/folders/x0/q0lcm6pj3wqg540ssb445dhh0000gp/T/rust_mozprofileIbf3AB"
1634234387914	Marionette	INFO	Marionette enabled
2021-10-14 18:59:48.484 firefox-bin[5085:60283] Warning: Expected min height of view: (<NSButton: 0x12ff7c000>) to be less than or equal to 30 but got a height of 32.000000. This error will be logged once per view in violation.
2021-10-14 18:59:48.485 firefox-bin[5085:60283] Warning: Expected min height of view: (<NSButton: 0x107ff3c00>) to be less than or equal to 30 but got a height of 32.000000. This error will be logged once per view in violation.
2021-10-14 18:59:48.485 firefox-bin[5085:60283] Warning: Expected min height of view: (<NSButton: 0x12ff82c00>) to be less than or equal to 30 but got a height of 32.000000. This error will be logged once per view in violation.
2021-10-14 18:59:48.486 firefox-bin[5085:60283] Warning: Expected min height of view: (<NSButton: 0x12ff84c00>) to be less than or equal to 30 but got a height of 32.000000. This error will be logged once per view in violation.
2021-10-14 18:59:48.486 firefox-bin[5085:60283] Warning: Expected min height of view: (<NSButton: 0x12ff87000>) to be less than or equal to 30 but got a height of 32.000000. This error will be logged once per view in violation.
2021-10-14 18:59:48.487 firefox-bin[5085:60283] Warning: Expected min height of view: (<NSPopoverTouchBarItemButton: 0x12ff80800>) to be less than or equal to 30 but got a height of 32.000000. This error will be logged once per view in violation.
2021-10-14 18:59:48.487 firefox-bin[5085:60283] Warning: Expected min height of view: (<NSPopoverTouchBarItemButton: 0x1301e8400>) to be less than or equal to 30 but got a height of 32.000000. This error will be logged once per view in violation.
console.warn: SearchSettings: "get: No settings file exists, new profile?" (new NotFoundError("Could not open the file at /var/folders/x0/q0lcm6pj3wqg540ssb445dhh0000gp/T/rust_mozprofileIbf3AB/search.json.mozlz4", (void 0)))
console.error: BackgroundUpdate: 
  _reasonsToNotScheduleUpdates: Failed to check for Maintenance Service Registry Key: [Exception... "Component returned failure code: 0x80004001 (NS_ERROR_NOT_IMPLEMENTED) [nsIUpdateProcessor.getServiceRegKeyExists]"  nsresult: "0x80004001 (NS_ERROR_NOT_IMPLEMENTED)"  location: "JS frame :: resource://gre/modules/BackgroundUpdate.jsm :: _reasonsToNotScheduleUpdates :: line 243"  data: no]
1634234389395	Marionette	INFO	Listening on port 50322
1634234389426	RemoteAgent	WARN	TLS certificate errors will be ignored for this session
console.log: WebExtensions: reset-default-search: starting.
console.log: WebExtensions: reset-default-search: No addons in our list are installed.
1634235094625	Marionette	INFO	Stopped listening on port 50322
JavaScript error: resource:///modules/Interactions.jsm, line 230: NS_ERROR_FAILURE: Component returned failure code: 0x80004005 (NS_ERROR_FAILURE) [nsIUserIdleService.removeIdleObserver]

###!!! [Parent][RunMessage] Error: Channel closing: too late to send/recv, messages will be lost

