1633975660219	geckodriver	INFO	Listening on 127.0.0.1:54848
1633975660230	mozrunner::runner	INFO	Running command: "/Applications/Firefox.app/Contents/MacOS/firefox-bin" "--marionette" "-foreground" "-no-remote" "-profile" "/var/folders/x0/q0lcm6pj3wqg540ssb445dhh0000gp/T/rust_mozprofilegfy8XA"
1633975660585	Marionette	INFO	Marionette enabled
2021-10-11 19:07:41.167 firefox-bin[35137:479600] Warning: Expected min height of view: (<NSButton: 0x13469dc00>) to be less than or equal to 30 but got a height of 32.000000. This error will be logged once per view in violation.
2021-10-11 19:07:41.168 firefox-bin[35137:479600] Warning: Expected min height of view: (<NSButton: 0x13469f000>) to be less than or equal to 30 but got a height of 32.000000. This error will be logged once per view in violation.
2021-10-11 19:07:41.168 firefox-bin[35137:479600] Warning: Expected min height of view: (<NSButton: 0x1346a0400>) to be less than or equal to 30 but got a height of 32.000000. This error will be logged once per view in violation.
2021-10-11 19:07:41.169 firefox-bin[35137:479600] Warning: Expected min height of view: (<NSButton: 0x1346a2400>) to be less than or equal to 30 but got a height of 32.000000. This error will be logged once per view in violation.
2021-10-11 19:07:41.170 firefox-bin[35137:479600] Warning: Expected min height of view: (<NSButton: 0x1346a4800>) to be less than or equal to 30 but got a height of 32.000000. This error will be logged once per view in violation.
2021-10-11 19:07:41.170 firefox-bin[35137:479600] Warning: Expected min height of view: (<NSPopoverTouchBarItemButton: 0x1346a4c00>) to be less than or equal to 30 but got a height of 32.000000. This error will be logged once per view in violation.
2021-10-11 19:07:41.171 firefox-bin[35137:479600] Warning: Expected min height of view: (<NSPopoverTouchBarItemButton: 0x134945c00>) to be less than or equal to 30 but got a height of 32.000000. This error will be logged once per view in violation.
console.warn: SearchSettings: "get: No settings file exists, new profile?" (new NotFoundError("Could not open the file at /var/folders/x0/q0lcm6pj3wqg540ssb445dhh0000gp/T/rust_mozprofilegfy8XA/search.json.mozlz4", (void 0)))
console.error: BackgroundUpdate: 
  _reasonsToNotScheduleUpdates: Failed to check for Maintenance Service Registry Key: [Exception... "Component returned failure code: 0x80004001 (NS_ERROR_NOT_IMPLEMENTED) [nsIUpdateProcessor.getServiceRegKeyExists]"  nsresult: "0x80004001 (NS_ERROR_NOT_IMPLEMENTED)"  location: "JS frame :: resource://gre/modules/BackgroundUpdate.jsm :: _reasonsToNotScheduleUpdates :: line 243"  data: no]
1633975662072	Marionette	INFO	Listening on port 54853
1633975662191	RemoteAgent	WARN	TLS certificate errors will be ignored for this session
console.log: WebExtensions: reset-default-search: starting.
console.log: WebExtensions: reset-default-search: No addons in our list are installed.
1633976221807	Marionette	INFO	Stopped listening on port 54853
JavaScript error: resource:///modules/Interactions.jsm, line 230: NS_ERROR_FAILURE: Component returned failure code: 0x80004005 (NS_ERROR_FAILURE) [nsIUserIdleService.removeIdleObserver]

###!!! [Parent][RunMessage] Error: Channel closing: too late to send/recv, messages will be lost

