1634235107403	geckodriver	INFO	Listening on 127.0.0.1:50407
1634235107416	mozrunner::runner	INFO	Running command: "/Applications/Firefox.app/Contents/MacOS/firefox-bin" "--marionette" "-foreground" "-no-remote" "-profile" "/var/folders/x0/q0lcm6pj3wqg540ssb445dhh0000gp/T/rust_mozprofileuhMTGl"
1634235107748	Marionette	INFO	Marionette enabled
2021-10-14 19:11:48.285 firefox-bin[5766:69177] Warning: Expected min height of view: (<NSButton: 0x1383db000>) to be less than or equal to 30 but got a height of 32.000000. This error will be logged once per view in violation.
2021-10-14 19:11:48.285 firefox-bin[5766:69177] Warning: Expected min height of view: (<NSButton: 0x1383e1c00>) to be less than or equal to 30 but got a height of 32.000000. This error will be logged once per view in violation.
2021-10-14 19:11:48.286 firefox-bin[5766:69177] Warning: Expected min height of view: (<NSButton: 0x1383e6c00>) to be less than or equal to 30 but got a height of 32.000000. This error will be logged once per view in violation.
2021-10-14 19:11:48.286 firefox-bin[5766:69177] Warning: Expected min height of view: (<NSButton: 0x1383e4c00>) to be less than or equal to 30 but got a height of 32.000000. This error will be logged once per view in violation.
2021-10-14 19:11:48.287 firefox-bin[5766:69177] Warning: Expected min height of view: (<NSButton: 0x1383e0c00>) to be less than or equal to 30 but got a height of 32.000000. This error will be logged once per view in violation.
2021-10-14 19:11:48.288 firefox-bin[5766:69177] Warning: Expected min height of view: (<NSPopoverTouchBarItemButton: 0x1383e1400>) to be less than or equal to 30 but got a height of 32.000000. This error will be logged once per view in violation.
2021-10-14 19:11:48.288 firefox-bin[5766:69177] Warning: Expected min height of view: (<NSPopoverTouchBarItemButton: 0x138646800>) to be less than or equal to 30 but got a height of 32.000000. This error will be logged once per view in violation.
console.warn: SearchSettings: "get: No settings file exists, new profile?" (new NotFoundError("Could not open the file at /var/folders/x0/q0lcm6pj3wqg540ssb445dhh0000gp/T/rust_mozprofileuhMTGl/search.json.mozlz4", (void 0)))
console.error: BackgroundUpdate: 
  _reasonsToNotScheduleUpdates: Failed to check for Maintenance Service Registry Key: [Exception... "Component returned failure code: 0x80004001 (NS_ERROR_NOT_IMPLEMENTED) [nsIUpdateProcessor.getServiceRegKeyExists]"  nsresult: "0x80004001 (NS_ERROR_NOT_IMPLEMENTED)"  location: "JS frame :: resource://gre/modules/BackgroundUpdate.jsm :: _reasonsToNotScheduleUpdates :: line 243"  data: no]
1634235109184	Marionette	INFO	Listening on port 50412
1634235109272	RemoteAgent	WARN	TLS certificate errors will be ignored for this session
1634235126037	Marionette	INFO	Stopped listening on port 50412
JavaScript error: resource:///modules/Interactions.jsm, line 230: NS_ERROR_FAILURE: Component returned failure code: 0x80004005 (NS_ERROR_FAILURE) [nsIUserIdleService.removeIdleObserver]
JavaScript error: chrome://remote/content/marionette/cert.js, line 55: NS_ERROR_NOT_AVAILABLE: Component returned failure code: 0x80040111 (NS_ERROR_NOT_AVAILABLE) [nsICertOverrideService.setDisableAllSecurityChecksAndLetAttackersInterceptMyData]

###!!! [Parent][RunMessage] Error: Channel closing: too late to send/recv, messages will be lost

1634235126593	geckodriver::marionette	ERROR	Failed to close browser connection: Socket is not connected (os error 57)
