1634307574306	geckodriver	INFO	Listening on 127.0.0.1:55327
1634307575320	mozrunner::runner	INFO	Running command: "/Applications/Firefox.app/Contents/MacOS/firefox-bin" "--marionette" "-foreground" "-no-remote" "-profile" "/var/folders/x0/q0lcm6pj3wqg540ssb445dhh0000gp/T/rust_mozprofileDv6Nr2"
1634307575852	Marionette	INFO	Marionette enabled
2021-10-15 15:19:36.564 firefox-bin[31265:396172] Warning: Expected min height of view: (<NSButton: 0x1205f1c00>) to be less than or equal to 30 but got a height of 32.000000. This error will be logged once per view in violation.
2021-10-15 15:19:36.565 firefox-bin[31265:396172] Warning: Expected min height of view: (<NSButton: 0x12d94d800>) to be less than or equal to 30 but got a height of 32.000000. This error will be logged once per view in violation.
2021-10-15 15:19:36.565 firefox-bin[31265:396172] Warning: Expected min height of view: (<NSButton: 0x12d94ec00>) to be less than or equal to 30 but got a height of 32.000000. This error will be logged once per view in violation.
2021-10-15 15:19:36.566 firefox-bin[31265:396172] Warning: Expected min height of view: (<NSButton: 0x12d950800>) to be less than or equal to 30 but got a height of 32.000000. This error will be logged once per view in violation.
2021-10-15 15:19:36.567 firefox-bin[31265:396172] Warning: Expected min height of view: (<NSButton: 0x12d94f400>) to be less than or equal to 30 but got a height of 32.000000. This error will be logged once per view in violation.
2021-10-15 15:19:36.567 firefox-bin[31265:396172] Warning: Expected min height of view: (<NSPopoverTouchBarItemButton: 0x12d94ac00>) to be less than or equal to 30 but got a height of 32.000000. This error will be logged once per view in violation.
2021-10-15 15:19:36.568 firefox-bin[31265:396172] Warning: Expected min height of view: (<NSPopoverTouchBarItemButton: 0x12dc0c000>) to be less than or equal to 30 but got a height of 32.000000. This error will be logged once per view in violation.
console.warn: SearchSettings: "get: No settings file exists, new profile?" (new NotFoundError("Could not open the file at /var/folders/x0/q0lcm6pj3wqg540ssb445dhh0000gp/T/rust_mozprofileDv6Nr2/search.json.mozlz4", (void 0)))
console.error: BackgroundUpdate: 
  _reasonsToNotScheduleUpdates: Failed to check for Maintenance Service Registry Key: [Exception... "Component returned failure code: 0x80004001 (NS_ERROR_NOT_IMPLEMENTED) [nsIUpdateProcessor.getServiceRegKeyExists]"  nsresult: "0x80004001 (NS_ERROR_NOT_IMPLEMENTED)"  location: "JS frame :: resource://gre/modules/BackgroundUpdate.jsm :: _reasonsToNotScheduleUpdates :: line 243"  data: no]
1634307577515	Marionette	INFO	Listening on port 55334
1634307577612	RemoteAgent	WARN	TLS certificate errors will be ignored for this session
console.log: WebExtensions: reset-default-search: starting.
console.log: WebExtensions: reset-default-search: No addons in our list are installed.
1634312661030	Marionette	INFO	Stopped listening on port 55334
JavaScript error: resource:///modules/Interactions.jsm, line 230: NS_ERROR_FAILURE: Component returned failure code: 0x80004005 (NS_ERROR_FAILURE) [nsIUserIdleService.removeIdleObserver]

###!!! [Parent][RunMessage] Error: Channel closing: too late to send/recv, messages will be lost

