1634314751196	geckodriver	INFO	Listening on 127.0.0.1:56666
1634314751209	mozrunner::runner	INFO	Running command: "/Applications/Firefox.app/Contents/MacOS/firefox-bin" "--marionette" "-foreground" "-no-remote" "-profile" "/var/folders/x0/q0lcm6pj3wqg540ssb445dhh0000gp/T/rust_mozprofileVtNQ0j"
1634314751552	Marionette	INFO	Marionette enabled
2021-10-15 17:19:12.117 firefox-bin[38919:488530] Warning: Expected min height of view: (<NSButton: 0x12d319800>) to be less than or equal to 30 but got a height of 32.000000. This error will be logged once per view in violation.
2021-10-15 17:19:12.117 firefox-bin[38919:488530] Warning: Expected min height of view: (<NSButton: 0x138c1d400>) to be less than or equal to 30 but got a height of 32.000000. This error will be logged once per view in violation.
2021-10-15 17:19:12.118 firefox-bin[38919:488530] Warning: Expected min height of view: (<NSButton: 0x138c23c00>) to be less than or equal to 30 but got a height of 32.000000. This error will be logged once per view in violation.
2021-10-15 17:19:12.118 firefox-bin[38919:488530] Warning: Expected min height of view: (<NSButton: 0x138c1e800>) to be less than or equal to 30 but got a height of 32.000000. This error will be logged once per view in violation.
2021-10-15 17:19:12.119 firefox-bin[38919:488530] Warning: Expected min height of view: (<NSButton: 0x138c20000>) to be less than or equal to 30 but got a height of 32.000000. This error will be logged once per view in violation.
2021-10-15 17:19:12.119 firefox-bin[38919:488530] Warning: Expected min height of view: (<NSPopoverTouchBarItemButton: 0x138c1c400>) to be less than or equal to 30 but got a height of 32.000000. This error will be logged once per view in violation.
2021-10-15 17:19:12.120 firefox-bin[38919:488530] Warning: Expected min height of view: (<NSPopoverTouchBarItemButton: 0x138f07000>) to be less than or equal to 30 but got a height of 32.000000. This error will be logged once per view in violation.
console.warn: SearchSettings: "get: No settings file exists, new profile?" (new NotFoundError("Could not open the file at /var/folders/x0/q0lcm6pj3wqg540ssb445dhh0000gp/T/rust_mozprofileVtNQ0j/search.json.mozlz4", (void 0)))
console.error: BackgroundUpdate: 
  _reasonsToNotScheduleUpdates: Failed to check for Maintenance Service Registry Key: [Exception... "Component returned failure code: 0x80004001 (NS_ERROR_NOT_IMPLEMENTED) [nsIUpdateProcessor.getServiceRegKeyExists]"  nsresult: "0x80004001 (NS_ERROR_NOT_IMPLEMENTED)"  location: "JS frame :: resource://gre/modules/BackgroundUpdate.jsm :: _reasonsToNotScheduleUpdates :: line 243"  data: no]
1634314753037	Marionette	INFO	Listening on port 56675
1634314753061	RemoteAgent	WARN	TLS certificate errors will be ignored for this session
console.warn: LoginRecipes: "getRecipes: falling back to a synchronous message for:" "https://app.tst.cgd.live.backbaseservices.com"
console.log: WebExtensions: reset-default-search: starting.
console.log: WebExtensions: reset-default-search: No addons in our list are installed.
1634315512414	Marionette	INFO	Stopped listening on port 56675
JavaScript error: resource:///modules/Interactions.jsm, line 230: NS_ERROR_FAILURE: Component returned failure code: 0x80004005 (NS_ERROR_FAILURE) [nsIUserIdleService.removeIdleObserver]

###!!! [Parent][RunMessage] Error: Channel closing: too late to send/recv, messages will be lost

