1633974755369	geckodriver	INFO	Listening on 127.0.0.1:54679
1633974755380	mozrunner::runner	INFO	Running command: "/Applications/Firefox.app/Contents/MacOS/firefox-bin" "--marionette" "-foreground" "-no-remote" "-profile" "/var/folders/x0/q0lcm6pj3wqg540ssb445dhh0000gp/T/rust_mozprofileUYZhcJ"
1633974755716	Marionette	INFO	Marionette enabled
2021-10-11 18:52:36.273 firefox-bin[34291:468324] Warning: Expected min height of view: (<NSButton: 0x12c594800>) to be less than or equal to 30 but got a height of 32.000000. This error will be logged once per view in violation.
2021-10-11 18:52:36.274 firefox-bin[34291:468324] Warning: Expected min height of view: (<NSButton: 0x12c593400>) to be less than or equal to 30 but got a height of 32.000000. This error will be logged once per view in violation.
2021-10-11 18:52:36.275 firefox-bin[34291:468324] Warning: Expected min height of view: (<NSButton: 0x12c58ec00>) to be less than or equal to 30 but got a height of 32.000000. This error will be logged once per view in violation.
2021-10-11 18:52:36.275 firefox-bin[34291:468324] Warning: Expected min height of view: (<NSButton: 0x12c593000>) to be less than or equal to 30 but got a height of 32.000000. This error will be logged once per view in violation.
2021-10-11 18:52:36.276 firefox-bin[34291:468324] Warning: Expected min height of view: (<NSButton: 0x12c592800>) to be less than or equal to 30 but got a height of 32.000000. This error will be logged once per view in violation.
2021-10-11 18:52:36.276 firefox-bin[34291:468324] Warning: Expected min height of view: (<NSPopoverTouchBarItemButton: 0x12c595800>) to be less than or equal to 30 but got a height of 32.000000. This error will be logged once per view in violation.
2021-10-11 18:52:36.277 firefox-bin[34291:468324] Warning: Expected min height of view: (<NSPopoverTouchBarItemButton: 0x12c7e9800>) to be less than or equal to 30 but got a height of 32.000000. This error will be logged once per view in violation.
console.warn: SearchSettings: "get: No settings file exists, new profile?" (new NotFoundError("Could not open the file at /var/folders/x0/q0lcm6pj3wqg540ssb445dhh0000gp/T/rust_mozprofileUYZhcJ/search.json.mozlz4", (void 0)))
console.error: BackgroundUpdate: 
  _reasonsToNotScheduleUpdates: Failed to check for Maintenance Service Registry Key: [Exception... "Component returned failure code: 0x80004001 (NS_ERROR_NOT_IMPLEMENTED) [nsIUpdateProcessor.getServiceRegKeyExists]"  nsresult: "0x80004001 (NS_ERROR_NOT_IMPLEMENTED)"  location: "JS frame :: resource://gre/modules/BackgroundUpdate.jsm :: _reasonsToNotScheduleUpdates :: line 243"  data: no]
1633974757091	Marionette	INFO	Listening on port 54684
1633974757135	RemoteAgent	WARN	TLS certificate errors will be ignored for this session
console.log: WebExtensions: reset-default-search: starting.
console.log: WebExtensions: reset-default-search: No addons in our list are installed.
1633976219249	Marionette	INFO	Stopped listening on port 54684
JavaScript error: resource:///modules/Interactions.jsm, line 230: NS_ERROR_FAILURE: Component returned failure code: 0x80004005 (NS_ERROR_FAILURE) [nsIUserIdleService.removeIdleObserver]

###!!! [Parent][RunMessage] Error: Channel closing: too late to send/recv, messages will be lost

